\BOOKMARK [1][-]{section.1}{\376\377\000I\000N\000T\000R\000O\000D\000U\000C\000T\000I\000O\000N}{}% 1
\BOOKMARK [1][-]{section.2}{\376\377\000R\000E\000L\000A\000T\000E\000D\000\040\000W\000O\000R\000K}{}% 2
\BOOKMARK [1][-]{section.3}{\376\377\000D\000A\000T\000A\000S\000E\000T\000\040\000D\000E\000S\000C\000R\000I\000P\000T\000I\000O\000N}{}% 3
\BOOKMARK [1][-]{section.4}{\376\377\000D\000A\000T\000A\000\040\000P\000R\000E\000P\000R\000O\000C\000E\000S\000S\000I\000N\000G\000\040\000A\000N\000D\000\040\000C\000L\000E\000A\000N\000I\000N\000G}{}% 4
\BOOKMARK [2][-]{subsection.4.1}{\376\377\000P\000r\000e\000p\000r\000o\000c\000e\000s\000s\000i\000n\000g\000\040\000P\000i\000p\000e\000l\000i\000n\000e}{section.4}% 5
\BOOKMARK [2][-]{subsection.4.2}{\376\377\000C\000o\000r\000e\000\040\000C\000o\000d\000e\000\040\000S\000n\000i\000p\000p\000e\000t\000s}{section.4}% 6
\BOOKMARK [1][-]{section.5}{\376\377\000S\000E\000N\000T\000I\000M\000E\000N\000T\000\040\000A\000N\000A\000L\000Y\000S\000I\000S}{}% 7
\BOOKMARK [2][-]{subsection.5.1}{\376\377\000C\000o\000r\000e\000\040\000C\000o\000d\000e}{section.5}% 8
\BOOKMARK [1][-]{section.6}{\376\377\000F\000E\000A\000T\000U\000R\000E\000\040\000S\000E\000L\000E\000C\000T\000I\000O\000N}{}% 9
\BOOKMARK [2][-]{subsection.6.1}{\376\377\000L\000a\000s\000s\000o\000\040\000C\000V\000\040\000\050\000P\000r\000i\000m\000a\000r\000y\000\040\000M\000e\000t\000h\000o\000d\000\051}{section.6}% 10
\BOOKMARK [2][-]{subsection.6.2}{\376\377\000P\000-\000v\000a\000l\000u\000e\000\040\000B\000a\000s\000e\000d\000\040\000S\000e\000l\000e\000c\000t\000i\000o\000n}{section.6}% 11
\BOOKMARK [1][-]{section.7}{\376\377\000M\000O\000D\000E\000L\000\040\000A\000R\000C\000H\000I\000T\000E\000C\000T\000U\000R\000E\000S}{}% 12
\BOOKMARK [2][-]{subsection.7.1}{\376\377\000R\000i\000d\000g\000e\000\040\000R\000e\000g\000r\000e\000s\000s\000i\000o\000n}{section.7}% 13
\BOOKMARK [2][-]{subsection.7.2}{\376\377\000G\000r\000a\000d\000i\000e\000n\000t\000\040\000B\000o\000o\000s\000t\000i\000n\000g\000\040\000R\000e\000g\000r\000e\000s\000s\000o\000r}{section.7}% 14
\BOOKMARK [2][-]{subsection.7.3}{\376\377\000K\000M\000e\000a\000n\000s\000\040\000+\000\040\000R\000i\000d\000g\000e\000\040\000R\000e\000g\000r\000e\000s\000s\000i\000o\000n}{section.7}% 15
\BOOKMARK [2][-]{subsection.7.4}{\376\377\000N\000e\000u\000r\000a\000l\000\040\000N\000e\000t\000w\000o\000r\000k\000\040\000\050\000M\000L\000P\000\051}{section.7}% 16
\BOOKMARK [2][-]{subsection.7.5}{\376\377\000S\000u\000p\000p\000o\000r\000t\000\040\000V\000e\000c\000t\000o\000r\000\040\000R\000e\000g\000r\000e\000s\000s\000i\000o\000n\000\040\000\050\000S\000V\000R\000\051}{section.7}% 17
\BOOKMARK [1][-]{section.8}{\376\377\000E\000X\000P\000E\000R\000I\000M\000E\000N\000T\000S\000\040\000A\000N\000D\000\040\000R\000E\000S\000U\000L\000T\000S}{}% 18
\BOOKMARK [1][-]{section.9}{\376\377\000C\000O\000D\000E\000\040\000M\000O\000D\000I\000F\000I\000C\000A\000T\000I\000O\000N\000S\000\040\000A\000N\000D\000\040\000F\000I\000X\000E\000S}{}% 19
\BOOKMARK [2][-]{subsection.9.1}{\376\377\0001\000.\000\040\000D\000e\000p\000r\000e\000c\000a\000t\000e\000d\000\040\000L\000o\000s\000s\000\040\000F\000u\000n\000c\000t\000i\000o\000n}{section.9}% 20
\BOOKMARK [2][-]{subsection.9.2}{\376\377\0002\000.\000\040\000K\000M\000e\000a\000n\000s\000\040\000C\000o\000m\000p\000a\000t\000i\000b\000i\000l\000i\000t\000y}{section.9}% 21
\BOOKMARK [2][-]{subsection.9.3}{\376\377\0003\000.\000\040\000N\000u\000l\000l\000\040\000V\000a\000l\000u\000e\000\040\000S\000a\000f\000e\000t\000y}{section.9}% 22
\BOOKMARK [2][-]{subsection.9.4}{\376\377\0004\000.\000\040\000C\000S\000V\000\040\000R\000e\000a\000d\000i\000n\000g\000\040\000W\000a\000r\000n\000i\000n\000g}{section.9}% 23
\BOOKMARK [2][-]{subsection.9.5}{\376\377\0005\000.\000\040\000D\000a\000t\000a\000\040\000L\000e\000a\000k\000a\000g\000e\000\040\000P\000r\000e\000v\000e\000n\000t\000i\000o\000n}{section.9}% 24
\BOOKMARK [1][-]{section.10}{\376\377\000D\000I\000S\000C\000U\000S\000S\000I\000O\000N}{}% 25
\BOOKMARK [1][-]{section.11}{\376\377\000C\000O\000N\000C\000L\000U\000S\000I\000O\000N}{}% 26
